
*** Running vivado
    with args -log fnd_controller.vds -m64 -product Vivado -mode batch -messageDb vivado.pb -notrace -source fnd_controller.tcl



****** Vivado v2020.2 (64-bit)
  **** SW Build 3064766 on Wed Nov 18 09:12:45 MST 2020
  **** IP Build 3064653 on Wed Nov 18 14:17:31 MST 2020
    ** Copyright 1986-2020 Xilinx, Inc. All Rights Reserved.

source fnd_controller.tcl -notrace
Command: synth_design -top fnd_controller -part xc7a35tcpg236-1
Starting synth_design
Attempting to get a license for feature 'Synthesis' and/or device 'xc7a35t'
INFO: [Common 17-349] Got license for feature 'Synthesis' and/or device 'xc7a35t'
INFO: [Device 21-403] Loading part xc7a35tcpg236-1
INFO: [Synth 8-7079] Multithreading enabled for synth_design using a maximum of 2 processes.
INFO: [Synth 8-7078] Launching helper process for spawning children vivado processes
INFO: [Synth 8-7075] Helper process launched with PID 19204
---------------------------------------------------------------------------------
Starting RTL Elaboration : Time (s): cpu = 00:00:03 ; elapsed = 00:00:02 . Memory (MB): peak = 1109.016 ; gain = 0.000
---------------------------------------------------------------------------------
INFO: [Synth 8-6157] synthesizing module 'fnd_controller' [C:/harman_verilog/0304_adder/0304_adder.srcs/sources_1/imports/new/fnd_controller.v:3]
INFO: [Synth 8-6157] synthesizing module 'decoder' [C:/harman_verilog/0304_adder/0304_adder.srcs/sources_1/imports/new/fnd_controller.v:75]
INFO: [Synth 8-226] default block is never used [C:/harman_verilog/0304_adder/0304_adder.srcs/sources_1/imports/new/fnd_controller.v:80]
INFO: [Synth 8-6155] done synthesizing module 'decoder' (1#1) [C:/harman_verilog/0304_adder/0304_adder.srcs/sources_1/imports/new/fnd_controller.v:75]
INFO: [Synth 8-6157] synthesizing module 'bcdtoseg' [C:/harman_verilog/0304_adder/0304_adder.srcs/sources_1/imports/new/fnd_controller.v:91]
INFO: [Synth 8-226] default block is never used [C:/harman_verilog/0304_adder/0304_adder.srcs/sources_1/imports/new/fnd_controller.v:96]
INFO: [Synth 8-6155] done synthesizing module 'bcdtoseg' (2#1) [C:/harman_verilog/0304_adder/0304_adder.srcs/sources_1/imports/new/fnd_controller.v:91]
INFO: [Synth 8-6157] synthesizing module 'digit_splitter' [C:/harman_verilog/0304_adder/0304_adder.srcs/sources_1/imports/new/fnd_controller.v:40]
	Parameter n bound to: 13 - type: integer 
INFO: [Synth 8-6155] done synthesizing module 'digit_splitter' (3#1) [C:/harman_verilog/0304_adder/0304_adder.srcs/sources_1/imports/new/fnd_controller.v:40]
INFO: [Synth 8-6157] synthesizing module 'mux_4x1' [C:/harman_verilog/0304_adder/0304_adder.srcs/sources_1/imports/new/fnd_controller.v:55]
INFO: [Synth 8-226] default block is never used [C:/harman_verilog/0304_adder/0304_adder.srcs/sources_1/imports/new/fnd_controller.v:65]
INFO: [Synth 8-6155] done synthesizing module 'mux_4x1' (4#1) [C:/harman_verilog/0304_adder/0304_adder.srcs/sources_1/imports/new/fnd_controller.v:55]
INFO: [Synth 8-6157] synthesizing module 'counter_4' [C:/harman_verilog/0304_adder/0304_adder.srcs/sources_1/imports/new/fnd_controller.v:118]
INFO: [Synth 8-6155] done synthesizing module 'counter_4' (5#1) [C:/harman_verilog/0304_adder/0304_adder.srcs/sources_1/imports/new/fnd_controller.v:118]
INFO: [Synth 8-6157] synthesizing module 'clk_divider' [C:/harman_verilog/0304_adder/0304_adder.srcs/sources_1/imports/new/fnd_controller.v:138]
INFO: [Synth 8-6155] done synthesizing module 'clk_divider' (6#1) [C:/harman_verilog/0304_adder/0304_adder.srcs/sources_1/imports/new/fnd_controller.v:138]
INFO: [Synth 8-6157] synthesizing module 'counter_9999' [C:/harman_verilog/0304_adder/0304_adder.srcs/sources_1/imports/new/fnd_controller.v:165]
	Parameter n bound to: 13 - type: integer 
INFO: [Synth 8-6155] done synthesizing module 'counter_9999' (7#1) [C:/harman_verilog/0304_adder/0304_adder.srcs/sources_1/imports/new/fnd_controller.v:165]
INFO: [Synth 8-6155] done synthesizing module 'fnd_controller' (8#1) [C:/harman_verilog/0304_adder/0304_adder.srcs/sources_1/imports/new/fnd_controller.v:3]
---------------------------------------------------------------------------------
Finished RTL Elaboration : Time (s): cpu = 00:00:03 ; elapsed = 00:00:03 . Memory (MB): peak = 1109.016 ; gain = 0.000
---------------------------------------------------------------------------------
---------------------------------------------------------------------------------
Start Handling Custom Attributes
---------------------------------------------------------------------------------
---------------------------------------------------------------------------------
Finished Handling Custom Attributes : Time (s): cpu = 00:00:04 ; elapsed = 00:00:03 . Memory (MB): peak = 1109.016 ; gain = 0.000
---------------------------------------------------------------------------------
---------------------------------------------------------------------------------
Finished RTL Optimization Phase 1 : Time (s): cpu = 00:00:04 ; elapsed = 00:00:03 . Memory (MB): peak = 1109.016 ; gain = 0.000
---------------------------------------------------------------------------------
Netlist sorting complete. Time (s): cpu = 00:00:00 ; elapsed = 00:00:00.001 . Memory (MB): peak = 1109.016 ; gain = 0.000
INFO: [Project 1-570] Preparing netlist for logic optimization

Processing XDC Constraints
Initializing timing engine
Parsing XDC File [C:/harman_verilog/0304_adder/0304_adder.srcs/constrs_1/imports/harman_verilog/Basys-3-Master.xdc]
Finished Parsing XDC File [C:/harman_verilog/0304_adder/0304_adder.srcs/constrs_1/imports/harman_verilog/Basys-3-Master.xdc]
INFO: [Project 1-236] Implementation specific constraints were found while reading constraint file [C:/harman_verilog/0304_adder/0304_adder.srcs/constrs_1/imports/harman_verilog/Basys-3-Master.xdc]. These constraints will be ignored for synthesis but will be used in implementation. Impacted constraints are listed in the file [.Xil/fnd_controller_propImpl.xdc].
Resolution: To avoid this warning, move constraints listed in [.Xil/fnd_controller_propImpl.xdc] to another XDC file and exclude this new file from synthesis with the used_in_synthesis property (File Properties dialog in GUI) and re-run elaboration/synthesis.
Completed Processing XDC Constraints

Netlist sorting complete. Time (s): cpu = 00:00:00 ; elapsed = 00:00:00 . Memory (MB): peak = 1182.051 ; gain = 0.000
INFO: [Project 1-111] Unisim Transformation Summary:
No Unisim elements were transformed.

Constraint Validation Runtime : Time (s): cpu = 00:00:00 ; elapsed = 00:00:00.001 . Memory (MB): peak = 1182.051 ; gain = 0.000
---------------------------------------------------------------------------------
Finished Constraint Validation : Time (s): cpu = 00:00:07 ; elapsed = 00:00:07 . Memory (MB): peak = 1182.051 ; gain = 73.035
---------------------------------------------------------------------------------
---------------------------------------------------------------------------------
Start Loading Part and Timing Information
---------------------------------------------------------------------------------
Loading part: xc7a35tcpg236-1
---------------------------------------------------------------------------------
Finished Loading Part and Timing Information : Time (s): cpu = 00:00:07 ; elapsed = 00:00:07 . Memory (MB): peak = 1182.051 ; gain = 73.035
---------------------------------------------------------------------------------
---------------------------------------------------------------------------------
Start Applying 'set_property' XDC Constraints
---------------------------------------------------------------------------------
---------------------------------------------------------------------------------
Finished applying 'set_property' XDC Constraints : Time (s): cpu = 00:00:07 ; elapsed = 00:00:07 . Memory (MB): peak = 1182.051 ; gain = 73.035
---------------------------------------------------------------------------------
---------------------------------------------------------------------------------
Finished RTL Optimization Phase 2 : Time (s): cpu = 00:00:07 ; elapsed = 00:00:07 . Memory (MB): peak = 1182.051 ; gain = 73.035
---------------------------------------------------------------------------------
---------------------------------------------------------------------------------
Start RTL Component Statistics 
---------------------------------------------------------------------------------
Detailed RTL Component Info : 
+---Adders : 
	   2 Input   20 Bit       Adders := 1     
	   2 Input   14 Bit       Adders := 1     
	   2 Input    2 Bit       Adders := 1     
+---Registers : 
	               20 Bit    Registers := 1     
	               14 Bit    Registers := 1     
	                2 Bit    Registers := 1     
	                1 Bit    Registers := 1     
+---Muxes : 
	   2 Input   20 Bit        Muxes := 1     
	   2 Input   14 Bit        Muxes := 1     
	   4 Input    4 Bit        Muxes := 2     
---------------------------------------------------------------------------------
Finished RTL Component Statistics 
---------------------------------------------------------------------------------
---------------------------------------------------------------------------------
Start Part Resource Summary
---------------------------------------------------------------------------------
Part Resources:
DSPs: 90 (col length:60)
BRAMs: 100 (col length: RAMB18 60 RAMB36 30)
---------------------------------------------------------------------------------
Finished Part Resource Summary
---------------------------------------------------------------------------------
---------------------------------------------------------------------------------
Start Cross Boundary and Area Optimization
---------------------------------------------------------------------------------
---------------------------------------------------------------------------------
Finished Cross Boundary and Area Optimization : Time (s): cpu = 00:00:11 ; elapsed = 00:00:12 . Memory (MB): peak = 1182.051 ; gain = 73.035
---------------------------------------------------------------------------------
---------------------------------------------------------------------------------
Start Applying XDC Timing Constraints
---------------------------------------------------------------------------------
---------------------------------------------------------------------------------
Finished Applying XDC Timing Constraints : Time (s): cpu = 00:00:15 ; elapsed = 00:00:16 . Memory (MB): peak = 1194.805 ; gain = 85.789
---------------------------------------------------------------------------------
---------------------------------------------------------------------------------
Start Timing Optimization
---------------------------------------------------------------------------------
---------------------------------------------------------------------------------
Finished Timing Optimization : Time (s): cpu = 00:00:15 ; elapsed = 00:00:16 . Memory (MB): peak = 1213.922 ; gain = 104.906
---------------------------------------------------------------------------------
---------------------------------------------------------------------------------
Start Technology Mapping
---------------------------------------------------------------------------------
---------------------------------------------------------------------------------
Finished Technology Mapping : Time (s): cpu = 00:00:15 ; elapsed = 00:00:16 . Memory (MB): peak = 1226.395 ; gain = 117.379
---------------------------------------------------------------------------------
---------------------------------------------------------------------------------
Start IO Insertion
---------------------------------------------------------------------------------
---------------------------------------------------------------------------------
Start Flattening Before IO Insertion
---------------------------------------------------------------------------------
---------------------------------------------------------------------------------
Finished Flattening Before IO Insertion
---------------------------------------------------------------------------------
---------------------------------------------------------------------------------
Start Final Netlist Cleanup
---------------------------------------------------------------------------------
---------------------------------------------------------------------------------
Finished Final Netlist Cleanup
---------------------------------------------------------------------------------
---------------------------------------------------------------------------------
Finished IO Insertion : Time (s): cpu = 00:00:17 ; elapsed = 00:00:18 . Memory (MB): peak = 1242.168 ; gain = 133.152
---------------------------------------------------------------------------------
---------------------------------------------------------------------------------
Start Renaming Generated Instances
---------------------------------------------------------------------------------
---------------------------------------------------------------------------------
Finished Renaming Generated Instances : Time (s): cpu = 00:00:17 ; elapsed = 00:00:18 . Memory (MB): peak = 1242.168 ; gain = 133.152
---------------------------------------------------------------------------------
---------------------------------------------------------------------------------
Start Rebuilding User Hierarchy
---------------------------------------------------------------------------------
---------------------------------------------------------------------------------
Finished Rebuilding User Hierarchy : Time (s): cpu = 00:00:17 ; elapsed = 00:00:18 . Memory (MB): peak = 1242.168 ; gain = 133.152
---------------------------------------------------------------------------------
---------------------------------------------------------------------------------
Start Renaming Generated Ports
---------------------------------------------------------------------------------
---------------------------------------------------------------------------------
Finished Renaming Generated Ports : Time (s): cpu = 00:00:17 ; elapsed = 00:00:18 . Memory (MB): peak = 1242.168 ; gain = 133.152
---------------------------------------------------------------------------------
---------------------------------------------------------------------------------
Start Handling Custom Attributes
---------------------------------------------------------------------------------
---------------------------------------------------------------------------------
Finished Handling Custom Attributes : Time (s): cpu = 00:00:17 ; elapsed = 00:00:18 . Memory (MB): peak = 1242.168 ; gain = 133.152
---------------------------------------------------------------------------------
---------------------------------------------------------------------------------
Start Renaming Generated Nets
---------------------------------------------------------------------------------
---------------------------------------------------------------------------------
Finished Renaming Generated Nets : Time (s): cpu = 00:00:17 ; elapsed = 00:00:18 . Memory (MB): peak = 1242.168 ; gain = 133.152
---------------------------------------------------------------------------------
---------------------------------------------------------------------------------
Start Writing Synthesis Report
---------------------------------------------------------------------------------

Report BlackBoxes: 
+-+--------------+----------+
| |BlackBox name |Instances |
+-+--------------+----------+
+-+--------------+----------+

Report Cell Usage: 
+------+-------+------+
|      |Cell   |Count |
+------+-------+------+
|1     |BUFG   |     1|
|2     |CARRY4 |    29|
|3     |LUT1   |     5|
|4     |LUT2   |    79|
|5     |LUT3   |    40|
|6     |LUT4   |    43|
|7     |LUT5   |    28|
|8     |LUT6   |    66|
|9     |FDCE   |    37|
|10    |IBUF   |     2|
|11    |OBUF   |    12|
+------+-------+------+
---------------------------------------------------------------------------------
Finished Writing Synthesis Report : Time (s): cpu = 00:00:17 ; elapsed = 00:00:18 . Memory (MB): peak = 1242.168 ; gain = 133.152
---------------------------------------------------------------------------------
Synthesis finished with 0 errors, 0 critical warnings and 0 warnings.
Synthesis Optimization Runtime : Time (s): cpu = 00:00:12 ; elapsed = 00:00:16 . Memory (MB): peak = 1242.168 ; gain = 60.117
Synthesis Optimization Complete : Time (s): cpu = 00:00:17 ; elapsed = 00:00:18 . Memory (MB): peak = 1242.168 ; gain = 133.152
INFO: [Project 1-571] Translating synthesized netlist
Netlist sorting complete. Time (s): cpu = 00:00:00 ; elapsed = 00:00:00.004 . Memory (MB): peak = 1254.242 ; gain = 0.000
INFO: [Netlist 29-17] Analyzing 29 Unisim elements for replacement
INFO: [Netlist 29-28] Unisim Transformation completed in 0 CPU seconds
INFO: [Project 1-570] Preparing netlist for logic optimization
INFO: [Opt 31-138] Pushed 0 inverter(s) to 0 load pin(s).
Netlist sorting complete. Time (s): cpu = 00:00:00 ; elapsed = 00:00:00.001 . Memory (MB): peak = 1255.211 ; gain = 0.000
INFO: [Project 1-111] Unisim Transformation Summary:
No Unisim elements were transformed.

INFO: [Common 17-83] Releasing license: Synthesis
34 Infos, 0 Warnings, 0 Critical Warnings and 0 Errors encountered.
synth_design completed successfully
synth_design: Time (s): cpu = 00:00:20 ; elapsed = 00:00:22 . Memory (MB): peak = 1255.211 ; gain = 146.195
INFO: [Common 17-1381] The checkpoint 'C:/harman_verilog/0304_adder/0304_adder.runs/synth_1/fnd_controller.dcp' has been generated.
INFO: [runtcl-4] Executing : report_utilization -file fnd_controller_utilization_synth.rpt -pb fnd_controller_utilization_synth.pb
INFO: [Common 17-206] Exiting Vivado at Tue Mar  4 16:33:06 2025...
